android/demo/build/intermediates/manifest_merge_blame_file/release/manifest-merger-blame-release-report.txt
1<?xml version="1.0" encoding="utf-8"?>
2<!--
3  MIT License
4
5  Copyright (c) 2025 GRIN Project Contributors
6
7  Permission is hereby granted, free of charge, to any person obtaining a copy
8  of this software and associated documentation files (the "Software"), to deal
9  in the Software without restriction, including without limitation the rights
10  to use, copy, modify, merge, publish, distribute, sublicense, and/or sell
11  copies of the Software, and to permit persons to whom the Software is
12  furnished to do so, subject to the following conditions:
13
14  The above copyright notice and this permission notice shall be included in
15  all copies or substantial portions of the Software.
16
17  THE SOFTWARE IS PROVIDED "AS IS", WITHOUT WARRANTY OF ANY KIND, EXPRESS OR
18  IMPLIED, INCLUDING BUT NOT LIMITED TO THE WARRANTIES OF MERCHANTABILITY,
19  FITNESS FOR A PARTICULAR PURPOSE AND NONINFRINGEMENT. IN NO EVENT SHALL THE
20  AUTHORS OR COPYRIGHT HOLDERS BE LIABLE FOR ANY CLAIM, DAMAGES OR OTHER
21  LIABILITY, WHETHER IN AN ACTION OF CONTRACT, TORT OR OTHERWISE, ARISING FROM,
22  OUT OF OR IN CONNECTION WITH THE SOFTWARE OR THE USE OR OTHER DEALINGS IN THE
23  SOFTWARE.
24-->
25<!--
26  GRIN Demo Application Manifest
27  Demonstrates .grin file loading and playback
28-->
29<manifest xmlns:android="http://schemas.android.com/apk/res/android"
30    package="io.grin.demo"
31    android:versionCode="1"
32    android:versionName="0.1.0" >
33
34    <uses-sdk
35        android:minSdkVersion="21"
36        android:targetSdkVersion="34" />
37
38    <!-- Camera permission required for the grid preview pipeline. -->
39    <uses-permission android:name="android.permission.CAMERA" />
39-->src\main\AndroidManifest.xml:33:5-65
39-->src\main\AndroidManifest.xml:33:22-62
40
41    <uses-feature
41-->src\main\AndroidManifest.xml:34:5-85
42        android:name="android.hardware.camera"
42-->src\main\AndroidManifest.xml:34:19-57
43        android:required="false" />
43-->src\main\AndroidManifest.xml:34:58-82
44
45    <permission
45-->[androidx.core:core:1.12.0] AndroidManifest.xml:22:5-24:47
46        android:name="io.grin.demo.DYNAMIC_RECEIVER_NOT_EXPORTED_PERMISSION"
46-->[androidx.core:core:1.12.0] AndroidManifest.xml:23:9-81
47        android:protectionLevel="signature" />
47-->[androidx.core:core:1.12.0] AndroidManifest.xml:24:9-44
48
49    <uses-permission android:name="io.grin.demo.DYNAMIC_RECEIVER_NOT_EXPORTED_PERMISSION" />
49-->[androidx.core:core:1.12.0] AndroidManifest.xml:26:5-97
49-->[androidx.core:core:1.12.0] AndroidManifest.xml:26:22-94
50
51    <application
51-->src\main\AndroidManifest.xml:36:5-94:19
52        android:allowBackup="true"
52-->src\main\AndroidManifest.xml:37:9-35
53        android:appComponentFactory="androidx.core.app.CoreComponentFactory"
53-->[androidx.core:core:1.12.0] AndroidManifest.xml:28:18-86
54        android:extractNativeLibs="true"
55        android:icon="@mipmap/ic_launcher"
55-->src\main\AndroidManifest.xml:38:9-43
56        android:label="@string/app_name"
56-->src\main\AndroidManifest.xml:39:9-41
57        android:roundIcon="@mipmap/ic_launcher_round"
57-->src\main\AndroidManifest.xml:40:9-54
58        android:supportsRtl="true"
58-->src\main\AndroidManifest.xml:41:9-35
59        android:theme="@style/Theme.GrinDemo" >
59-->src\main\AndroidManifest.xml:42:9-46
60        <provider
61            android:name="io.grin.lib.GrinContentProvider"
61-->src\main\AndroidManifest.xml:45:13-59
62            android:authorities="io.grin.demo.grin"
62-->src\main\AndroidManifest.xml:46:13-56
63            android:exported="false"
63-->src\main\AndroidManifest.xml:47:13-37
64            android:grantUriPermissions="true" />
64-->src\main\AndroidManifest.xml:48:13-47
65
66        <activity
66-->src\main\AndroidManifest.xml:50:9-69:20
67            android:name="io.grin.demo.MainActivity"
67-->src\main\AndroidManifest.xml:51:13-41
68            android:exported="true"
68-->src\main\AndroidManifest.xml:52:13-36
69            android:label="@string/app_name"
69-->src\main\AndroidManifest.xml:53:13-45
70            android:theme="@style/Theme.GrinDemo" >
70-->src\main\AndroidManifest.xml:54:13-50
71            <intent-filter>
71-->src\main\AndroidManifest.xml:55:13-58:29
72                <action android:name="android.intent.action.MAIN" />
72-->src\main\AndroidManifest.xml:56:17-69
72-->src\main\AndroidManifest.xml:56:25-66
73
74                <category android:name="android.intent.category.LAUNCHER" />
74-->src\main\AndroidManifest.xml:57:17-77
74-->src\main\AndroidManifest.xml:57:27-74
75            </intent-filter>
76
77            <!-- Handle .grin and .grn file opens -->
78            <intent-filter>
78-->src\main\AndroidManifest.xml:61:13-68:29
79                <action android:name="android.intent.action.VIEW" />
79-->src\main\AndroidManifest.xml:62:17-69
79-->src\main\AndroidManifest.xml:62:25-66
80
81                <category android:name="android.intent.category.DEFAULT" />
81-->src\main\AndroidManifest.xml:63:17-76
81-->src\main\AndroidManifest.xml:63:27-73
82                <category android:name="android.intent.category.BROWSABLE" />
82-->src\main\AndroidManifest.xml:64:17-78
82-->src\main\AndroidManifest.xml:64:27-75
83
84                <data android:mimeType="application/octet-stream" />
84-->src\main\AndroidManifest.xml:65:17-69
84-->src\main\AndroidManifest.xml:65:23-66
85                <data android:pathPattern=".*\\.grin" />
85-->src\main\AndroidManifest.xml:65:17-69
85-->src\main\AndroidManifest.xml:66:23-54
86                <data android:pathPattern=".*\\.grn" />
86-->src\main\AndroidManifest.xml:65:17-69
86-->src\main\AndroidManifest.xml:66:23-54
87            </intent-filter>
88        </activity>
89        <activity
89-->src\main\AndroidManifest.xml:71:9-75:53
90            android:name="io.grin.demo.GridCameraActivity"
90-->src\main\AndroidManifest.xml:72:13-47
91            android:exported="false"
91-->src\main\AndroidManifest.xml:73:13-37
92            android:label="@string/grid_camera_title"
92-->src\main\AndroidManifest.xml:74:13-54
93            android:theme="@style/Theme.GrinDemo" />
93-->src\main\AndroidManifest.xml:75:13-50
94        <activity
94-->src\main\AndroidManifest.xml:77:9-81:53
95            android:name="io.grin.demo.CaptureReviewActivity"
95-->src\main\AndroidManifest.xml:78:13-50
96            android:exported="false"
96-->src\main\AndroidManifest.xml:79:13-37
97            android:label="@string/capture_review_title"
97-->src\main\AndroidManifest.xml:80:13-57
98            android:theme="@style/Theme.GrinDemo" />
98-->src\main\AndroidManifest.xml:81:13-50
99        <activity
99-->src\main\AndroidManifest.xml:83:9-87:53
100            android:name="io.grin.demo.GalleryActivity"
100-->src\main\AndroidManifest.xml:84:13-44
101            android:exported="false"
101-->src\main\AndroidManifest.xml:85:13-37
102            android:label="@string/gallery_title"
102-->src\main\AndroidManifest.xml:86:13-50
103            android:theme="@style/Theme.GrinDemo" />
103-->src\main\AndroidManifest.xml:87:13-50
104        <activity
104-->src\main\AndroidManifest.xml:89:9-93:53
105            android:name="io.grin.demo.EditorActivity"
105-->src\main\AndroidManifest.xml:90:13-43
106            android:exported="false"
106-->src\main\AndroidManifest.xml:91:13-37
107            android:label="@string/editor_title"
107-->src\main\AndroidManifest.xml:92:13-49
108            android:theme="@style/Theme.GrinDemo" />
108-->src\main\AndroidManifest.xml:93:13-50
109
110        <service
110-->[androidx.camera:camera-camera2:1.3.2] AndroidManifest.xml:24:9-33:19
111            android:name="androidx.camera.core.impl.MetadataHolderService"
111-->[androidx.camera:camera-camera2:1.3.2] AndroidManifest.xml:25:13-75
112            android:enabled="false"
112-->[androidx.camera:camera-camera2:1.3.2] AndroidManifest.xml:26:13-36
113            android:exported="false" >
113-->[androidx.camera:camera-camera2:1.3.2] AndroidManifest.xml:27:13-37
114            <meta-data
114-->[androidx.camera:camera-camera2:1.3.2] AndroidManifest.xml:30:13-32:89
115                android:name="androidx.camera.core.impl.MetadataHolderService.DEFAULT_CONFIG_PROVIDER"
115-->[androidx.camera:camera-camera2:1.3.2] AndroidManifest.xml:31:17-103
116                android:value="androidx.camera.camera2.Camera2Config$DefaultProvider" />
116-->[androidx.camera:camera-camera2:1.3.2] AndroidManifest.xml:32:17-86
117        </service>
118
119        <provider
119-->[androidx.emoji2:emoji2:1.2.0] AndroidManifest.xml:24:9-32:20
120            android:name="androidx.startup.InitializationProvider"
120-->[androidx.emoji2:emoji2:1.2.0] AndroidManifest.xml:25:13-67
121            android:authorities="io.grin.demo.androidx-startup"
121-->[androidx.emoji2:emoji2:1.2.0] AndroidManifest.xml:26:13-68
122            android:exported="false" >
122-->[androidx.emoji2:emoji2:1.2.0] AndroidManifest.xml:27:13-37
123            <meta-data
123-->[androidx.emoji2:emoji2:1.2.0] AndroidManifest.xml:29:13-31:52
124                android:name="androidx.emoji2.text.EmojiCompatInitializer"
124-->[androidx.emoji2:emoji2:1.2.0] AndroidManifest.xml:30:17-75
125                android:value="androidx.startup" />
125-->[androidx.emoji2:emoji2:1.2.0] AndroidManifest.xml:31:17-49
126            <meta-data
126-->[androidx.lifecycle:lifecycle-process:2.7.0] AndroidManifest.xml:29:13-31:52
127                android:name="androidx.lifecycle.ProcessLifecycleInitializer"
127-->[androidx.lifecycle:lifecycle-process:2.7.0] AndroidManifest.xml:30:17-78
128                android:value="androidx.startup" />
128-->[androidx.lifecycle:lifecycle-process:2.7.0] AndroidManifest.xml:31:17-49
129            <meta-data
129-->[androidx.profileinstaller:profileinstaller:1.3.0] AndroidManifest.xml:29:13-31:52
130                android:name="androidx.profileinstaller.ProfileInstallerInitializer"
130-->[androidx.profileinstaller:profileinstaller:1.3.0] AndroidManifest.xml:30:17-85
131                android:value="androidx.startup" />
131-->[androidx.profileinstaller:profileinstaller:1.3.0] AndroidManifest.xml:31:17-49
132        </provider>
133
134        <receiver
134-->[androidx.profileinstaller:profileinstaller:1.3.0] AndroidManifest.xml:34:9-52:20
135            android:name="androidx.profileinstaller.ProfileInstallReceiver"
135-->[androidx.profileinstaller:profileinstaller:1.3.0] AndroidManifest.xml:35:13-76
136            android:directBootAware="false"
136-->[androidx.profileinstaller:profileinstaller:1.3.0] AndroidManifest.xml:36:13-44
137            android:enabled="true"
137-->[androidx.profileinstaller:profileinstaller:1.3.0] AndroidManifest.xml:37:13-35
138            android:exported="true"
138-->[androidx.profileinstaller:profileinstaller:1.3.0] AndroidManifest.xml:38:13-36
139            android:permission="android.permission.DUMP" >
139-->[androidx.profileinstaller:profileinstaller:1.3.0] AndroidManifest.xml:39:13-57
140            <intent-filter>
140-->[androidx.profileinstaller:profileinstaller:1.3.0] AndroidManifest.xml:40:13-42:29
141                <action android:name="androidx.profileinstaller.action.INSTALL_PROFILE" />
141-->[androidx.profileinstaller:profileinstaller:1.3.0] AndroidManifest.xml:41:17-91
141-->[androidx.profileinstaller:profileinstaller:1.3.0] AndroidManifest.xml:41:25-88
142            </intent-filter>
143            <intent-filter>
143-->[androidx.profileinstaller:profileinstaller:1.3.0] AndroidManifest.xml:43:13-45:29
144                <action android:name="androidx.profileinstaller.action.SKIP_FILE" />
144-->[androidx.profileinstaller:profileinstaller:1.3.0] AndroidManifest.xml:44:17-85
144-->[androidx.profileinstaller:profileinstaller:1.3.0] AndroidManifest.xml:44:25-82
145            </intent-filter>
146            <intent-filter>
146-->[androidx.profileinstaller:profileinstaller:1.3.0] AndroidManifest.xml:46:13-48:29
147                <action android:name="androidx.profileinstaller.action.SAVE_PROFILE" />
147-->[androidx.profileinstaller:profileinstaller:1.3.0] AndroidManifest.xml:47:17-88
147-->[androidx.profileinstaller:profileinstaller:1.3.0] AndroidManifest.xml:47:25-85
148            </intent-filter>
149            <intent-filter>
149-->[androidx.profileinstaller:profileinstaller:1.3.0] AndroidManifest.xml:49:13-51:29
150                <action android:name="androidx.profileinstaller.action.BENCHMARK_OPERATION" />
150-->[androidx.profileinstaller:profileinstaller:1.3.0] AndroidManifest.xml:50:17-95
150-->[androidx.profileinstaller:profileinstaller:1.3.0] AndroidManifest.xml:50:25-92
151            </intent-filter>
152        </receiver>
153    </application>
154
155</manifest>